Running: C:\Xilinx\14.7\ISE_DS\ISE\bin\nt64\unwrapped\fuse.exe -intstyle ise -incremental -o C:/Users/Estudiantes/Desktop/procesadorMono/tb_Procesador_isim_beh.exe -prj C:/Users/Estudiantes/Desktop/procesadorMono/tb_Procesador_beh.prj work.tb_Procesador 
ISim P.20131013 (signature 0x7708f090)
Number of CPUs detected in this system: 4
Turning on mult-threading, number of parallel sub-compilation jobs: 8 
Determining compilation order of HDL files
Parsing VHDL file "C:/Users/Estudiantes/Desktop/procesadorMono/UC.vhd" into library work
Parsing VHDL file "C:/Users/Estudiantes/Desktop/procesadorMono/sumador.vhd" into library work
Parsing VHDL file "C:/Users/Estudiantes/Desktop/procesadorMono/registerFile.vhd" into library work
Parsing VHDL file "C:/Users/Estudiantes/Desktop/procesadorMono/nPC.vhd" into library work
Parsing VHDL file "C:/Users/Estudiantes/Desktop/procesadorMono/IM.vhd" into library work
Parsing VHDL file "C:/Users/Estudiantes/Desktop/procesadorMono/ALU.vhd" into library work
Parsing VHDL file "C:/Users/Estudiantes/Desktop/procesadorMono/Procesador.vhd" into library work
Parsing VHDL file "C:/Users/Estudiantes/Desktop/procesadorMono/tb_Procesador.vhd" into library work
Starting static elaboration
Completed static elaboration
Compiling package standard
Compiling package std_logic_1164
Compiling package std_logic_arith
Compiling package std_logic_unsigned
Compiling package textio
Compiling architecture behavioral of entity registerFile [registerfile_default]
Compiling architecture behavioral of entity nPC [npc_default]
Compiling architecture behavioral of entity UC [uc_default]
Compiling architecture behavioral of entity IM [im_default]
Compiling architecture behavioral of entity ALU [alu_default]
Compiling architecture behavioral of entity sumador [sumador_default]
Compiling architecture behavioral of entity Procesador [procesador_default]
Compiling architecture behavior of entity tb_procesador
Time Resolution for simulation is 1ps.
Waiting for 5 sub-compilation(s) to finish...
Compiled 20 VHDL Units
Built simulation executable C:/Users/Estudiantes/Desktop/procesadorMono/tb_Procesador_isim_beh.exe
Fuse Memory Usage: 33840 KB
Fuse CPU Usage: 467 ms
