Running: C:\Xilinx\14.7\ISE_DS\ISE\bin\nt64\unwrapped\fuse.exe -intstyle ise -incremental -o C:/Users/o/Desktop/Procesador_3/Procesador3_tb_isim_beh.exe -prj C:/Users/o/Desktop/Procesador_3/Procesador3_tb_beh.prj work.Procesador3_tb 
ISim P.20131013 (signature 0x7708f090)
Number of CPUs detected in this system: 4
Turning on mult-threading, number of parallel sub-compilation jobs: 8 
Determining compilation order of HDL files
Parsing VHDL file "C:/Users/o/Desktop/Procesador_3/SignExtensionUnit.vhd" into library work
Parsing VHDL file "C:/Users/o/Desktop/Procesador_3/RegisterFile.vhd" into library work
Parsing VHDL file "C:/Users/o/Desktop/Procesador_3/PSRModifier.vhd" into library work
Parsing VHDL file "C:/Users/o/Desktop/Procesador_3/PSR.vhd" into library work
Parsing VHDL file "C:/Users/o/Desktop/Procesador_3/ProgramCounter.vhd" into library work
Parsing VHDL file "C:/Users/o/Desktop/Procesador_3/Mux.vhd" into library work
Parsing VHDL file "C:/Users/o/Desktop/Procesador_3/InstructionMemory.vhd" into library work
Parsing VHDL file "C:/Users/o/Desktop/Procesador_3/ControlUnity.vhd" into library work
Parsing VHDL file "C:/Users/o/Desktop/Procesador_3/Alu.vhd" into library work
Parsing VHDL file "C:/Users/o/Desktop/Procesador_3/Adder.vhd" into library work
Parsing VHDL file "C:/Users/o/Desktop/Procesador_3/Procesador_3.vhd" into library work
Parsing VHDL file "C:/Users/o/Desktop/Procesador_3/Procesador3_tb.vhd" into library work
Starting static elaboration
Completed static elaboration
Compiling package standard
Compiling package std_logic_1164
Compiling package std_logic_arith
Compiling package std_logic_unsigned
Compiling package textio
Compiling package numeric_std
Compiling architecture behavioral of entity Adder [adder_default]
Compiling architecture behavioral of entity Alu [alu_default]
Compiling architecture behavioral of entity ControlUnity [controlunity_default]
Compiling architecture behavioral of entity InstructionMemory [instructionmemory_default]
Compiling architecture behavioral of entity Mux [mux_default]
Compiling architecture arqpsrmodifier of entity PSRModifier [psrmodifier_default]
Compiling architecture behavioral of entity PSR [psr_default]
Compiling architecture behavioral of entity ProgramCounter [programcounter_default]
Compiling architecture behavioral of entity RegisterFile [registerfile_default]
Compiling architecture behavioral of entity SignExtensionUnit [signextensionunit_default]
Compiling architecture behavioral of entity Procesador_3 [procesador_3_default]
Compiling architecture behavior of entity procesador3_tb
Time Resolution for simulation is 1ps.
Waiting for 10 sub-compilation(s) to finish...
Compiled 29 VHDL Units
Built simulation executable C:/Users/o/Desktop/Procesador_3/Procesador3_tb_isim_beh.exe
Fuse Memory Usage: 38268 KB
Fuse CPU Usage: 968 ms
