Command line:
   Procesador3_tb_isim_beh.exe
     -simmode  gui
     -simrunnum  0
     -socket  56616

Tue Nov 01 17:00:03 2016


 Elaboration Time: 0.078125 sec

 Current Memory Usage: 850.653 Meg

 Total Signals          : 67
 Total Nets             : 3725
 Total Signal Drivers   : 17
 Total Blocks           : 18
 Total Primitive Blocks : 16
 Total Processes        : 14
 Total Traceable Variables  : 16
 Total Scalar Nets and Variables : 4227
Total Line Count : 111

 Total Simulation Time: 0.109375 sec

 Current Memory Usage: 1165.23 Meg

Tue Nov 01 17:00:38 2016

